{"/home/luis/Documents/git_rep/PDS_project/backend/adaptadores/aula-adapter.js": {"path":"/home/luis/Documents/git_rep/PDS_project/backend/adaptadores/aula-adapter.js","statementMap":{"0":{"start":{"line":1,"column":20},"end":{"line":1,"column":55}},"1":{"start":{"line":3,"column":0},"end":{"line":5,"column":1}},"2":{"start":{"line":4,"column":4},"end":{"line":4,"column":33}},"3":{"start":{"line":7,"column":0},"end":{"line":9,"column":1}},"4":{"start":{"line":8,"column":4},"end":{"line":8,"column":34}},"5":{"start":{"line":11,"column":0},"end":{"line":13,"column":1}},"6":{"start":{"line":12,"column":4},"end":{"line":12,"column":45}},"7":{"start":{"line":15,"column":0},"end":{"line":17,"column":1}},"8":{"start":{"line":16,"column":4},"end":{"line":16,"column":39}},"9":{"start":{"line":19,"column":0},"end":{"line":21,"column":1}},"10":{"start":{"line":20,"column":4},"end":{"line":20,"column":39}},"11":{"start":{"line":23,"column":0},"end":{"line":25,"column":1}},"12":{"start":{"line":24,"column":4},"end":{"line":24,"column":43}}},"fnMap":{"0":{"name":"(anonymous_0)","decl":{"start":{"line":3,"column":19},"end":{"line":3,"column":20}},"loc":{"start":{"line":3,"column":25},"end":{"line":5,"column":1}},"line":3},"1":{"name":"(anonymous_1)","decl":{"start":{"line":7,"column":18},"end":{"line":7,"column":19}},"loc":{"start":{"line":7,"column":26},"end":{"line":9,"column":1}},"line":7},"2":{"name":"(anonymous_2)","decl":{"start":{"line":11,"column":24},"end":{"line":11,"column":25}},"loc":{"start":{"line":11,"column":37},"end":{"line":13,"column":1}},"line":11},"3":{"name":"(anonymous_3)","decl":{"start":{"line":15,"column":21},"end":{"line":15,"column":22}},"loc":{"start":{"line":15,"column":31},"end":{"line":17,"column":1}},"line":15},"4":{"name":"(anonymous_4)","decl":{"start":{"line":19,"column":21},"end":{"line":19,"column":22}},"loc":{"start":{"line":19,"column":31},"end":{"line":21,"column":1}},"line":19},"5":{"name":"(anonymous_5)","decl":{"start":{"line":23,"column":21},"end":{"line":23,"column":22}},"loc":{"start":{"line":23,"column":35},"end":{"line":25,"column":1}},"line":23}},"branchMap":{},"s":{"0":0,"1":0,"2":0,"3":0,"4":0,"5":0,"6":0,"7":0,"8":0,"9":0,"10":0,"11":0,"12":0},"f":{"0":0,"1":0,"2":0,"3":0,"4":0,"5":0},"b":{}}
,"/home/luis/Documents/git_rep/PDS_project/backend/adaptadores/autenticacao-adapter.js": {"path":"/home/luis/Documents/git_rep/PDS_project/backend/adaptadores/autenticacao-adapter.js","statementMap":{"0":{"start":{"line":1,"column":21},"end":{"line":1,"column":64}},"1":{"start":{"line":3,"column":0},"end":{"line":5,"column":1}},"2":{"start":{"line":4,"column":4},"end":{"line":4,"column":43}}},"fnMap":{"0":{"name":"(anonymous_0)","decl":{"start":{"line":3,"column":17},"end":{"line":3,"column":18}},"loc":{"start":{"line":3,"column":37},"end":{"line":5,"column":1}},"line":3}},"branchMap":{},"s":{"0":0,"1":0,"2":0},"f":{"0":0},"b":{}}
,"/home/luis/Documents/git_rep/PDS_project/backend/adaptadores/perfil-adapter.js": {"path":"/home/luis/Documents/git_rep/PDS_project/backend/adaptadores/perfil-adapter.js","statementMap":{"0":{"start":{"line":1,"column":22},"end":{"line":1,"column":59}},"1":{"start":{"line":3,"column":0},"end":{"line":5,"column":1}},"2":{"start":{"line":4,"column":4},"end":{"line":4,"column":37}},"3":{"start":{"line":7,"column":0},"end":{"line":9,"column":1}},"4":{"start":{"line":8,"column":4},"end":{"line":8,"column":49}},"5":{"start":{"line":11,"column":0},"end":{"line":13,"column":1}},"6":{"start":{"line":12,"column":4},"end":{"line":12,"column":38}},"7":{"start":{"line":15,"column":0},"end":{"line":17,"column":1}},"8":{"start":{"line":16,"column":4},"end":{"line":16,"column":45}},"9":{"start":{"line":19,"column":0},"end":{"line":21,"column":1}},"10":{"start":{"line":20,"column":4},"end":{"line":20,"column":53}},"11":{"start":{"line":23,"column":0},"end":{"line":25,"column":1}},"12":{"start":{"line":24,"column":4},"end":{"line":24,"column":53}},"13":{"start":{"line":27,"column":0},"end":{"line":29,"column":1}},"14":{"start":{"line":28,"column":4},"end":{"line":28,"column":53}},"15":{"start":{"line":31,"column":0},"end":{"line":33,"column":1}},"16":{"start":{"line":32,"column":4},"end":{"line":32,"column":51}},"17":{"start":{"line":35,"column":0},"end":{"line":37,"column":1}},"18":{"start":{"line":36,"column":4},"end":{"line":36,"column":65}}},"fnMap":{"0":{"name":"(anonymous_0)","decl":{"start":{"line":3,"column":16},"end":{"line":3,"column":17}},"loc":{"start":{"line":3,"column":27},"end":{"line":5,"column":1}},"line":3},"1":{"name":"(anonymous_1)","decl":{"start":{"line":7,"column":19},"end":{"line":7,"column":20}},"loc":{"start":{"line":7,"column":39},"end":{"line":9,"column":1}},"line":7},"2":{"name":"(anonymous_2)","decl":{"start":{"line":11,"column":20},"end":{"line":11,"column":21}},"loc":{"start":{"line":11,"column":28},"end":{"line":13,"column":1}},"line":11},"3":{"name":"(anonymous_3)","decl":{"start":{"line":15,"column":27},"end":{"line":15,"column":28}},"loc":{"start":{"line":15,"column":35},"end":{"line":17,"column":1}},"line":15},"4":{"name":"(anonymous_4)","decl":{"start":{"line":19,"column":23},"end":{"line":19,"column":24}},"loc":{"start":{"line":19,"column":43},"end":{"line":21,"column":1}},"line":19},"5":{"name":"(anonymous_5)","decl":{"start":{"line":23,"column":23},"end":{"line":23,"column":24}},"loc":{"start":{"line":23,"column":43},"end":{"line":25,"column":1}},"line":23},"6":{"name":"(anonymous_6)","decl":{"start":{"line":27,"column":29},"end":{"line":27,"column":30}},"loc":{"start":{"line":27,"column":43},"end":{"line":29,"column":1}},"line":27},"7":{"name":"(anonymous_7)","decl":{"start":{"line":31,"column":26},"end":{"line":31,"column":27}},"loc":{"start":{"line":31,"column":41},"end":{"line":33,"column":1}},"line":31},"8":{"name":"(anonymous_8)","decl":{"start":{"line":35,"column":29},"end":{"line":35,"column":30}},"loc":{"start":{"line":35,"column":55},"end":{"line":37,"column":1}},"line":35}},"branchMap":{},"s":{"0":0,"1":0,"2":0,"3":0,"4":0,"5":0,"6":0,"7":0,"8":0,"9":0,"10":0,"11":0,"12":0,"13":0,"14":0,"15":0,"16":0,"17":0,"18":0},"f":{"0":0,"1":0,"2":0,"3":0,"4":0,"5":0,"6":0,"7":0,"8":0},"b":{}}
,"/home/luis/Documents/git_rep/PDS_project/backend/repositories/aula.js": {"path":"/home/luis/Documents/git_rep/PDS_project/backend/repositories/aula.js","statementMap":{"0":{"start":{"line":1,"column":13},"end":{"line":1,"column":44}},"1":{"start":{"line":3,"column":0},"end":{"line":6,"column":1}},"2":{"start":{"line":4,"column":17},"end":{"line":4,"column":55}},"3":{"start":{"line":5,"column":4},"end":{"line":5,"column":17}},"4":{"start":{"line":8,"column":0},"end":{"line":11,"column":1}},"5":{"start":{"line":9,"column":17},"end":{"line":9,"column":74}},"6":{"start":{"line":10,"column":4},"end":{"line":10,"column":17}},"7":{"start":{"line":13,"column":0},"end":{"line":20,"column":1}},"8":{"start":{"line":14,"column":18},"end":{"line":18,"column":155}},"9":{"start":{"line":19,"column":4},"end":{"line":19,"column":34}},"10":{"start":{"line":22,"column":0},"end":{"line":26,"column":1}},"11":{"start":{"line":23,"column":15},"end":{"line":23,"column":227}},"12":{"start":{"line":25,"column":4},"end":{"line":25,"column":13}},"13":{"start":{"line":28,"column":0},"end":{"line":30,"column":1}},"14":{"start":{"line":29,"column":4},"end":{"line":29,"column":132}},"15":{"start":{"line":32,"column":0},"end":{"line":34,"column":1}},"16":{"start":{"line":33,"column":17},"end":{"line":33,"column":248}},"17":{"start":{"line":37,"column":4},"end":{"line":38,"column":19}},"18":{"start":{"line":38,"column":8},"end":{"line":38,"column":19}},"19":{"start":{"line":40,"column":4},"end":{"line":41,"column":19}},"20":{"start":{"line":41,"column":8},"end":{"line":41,"column":19}},"21":{"start":{"line":43,"column":4},"end":{"line":43,"column":16}},"22":{"start":{"line":47,"column":4},"end":{"line":48,"column":20}},"23":{"start":{"line":48,"column":8},"end":{"line":48,"column":20}},"24":{"start":{"line":50,"column":4},"end":{"line":50,"column":15}},"25":{"start":{"line":54,"column":4},"end":{"line":55,"column":20}},"26":{"start":{"line":55,"column":8},"end":{"line":55,"column":20}},"27":{"start":{"line":57,"column":4},"end":{"line":57,"column":15}},"28":{"start":{"line":61,"column":4},"end":{"line":62,"column":20}},"29":{"start":{"line":62,"column":8},"end":{"line":62,"column":20}},"30":{"start":{"line":64,"column":4},"end":{"line":64,"column":15}}},"fnMap":{"0":{"name":"(anonymous_0)","decl":{"start":{"line":3,"column":19},"end":{"line":3,"column":20}},"loc":{"start":{"line":3,"column":31},"end":{"line":6,"column":1}},"line":3},"1":{"name":"(anonymous_1)","decl":{"start":{"line":8,"column":18},"end":{"line":8,"column":19}},"loc":{"start":{"line":8,"column":36},"end":{"line":11,"column":1}},"line":8},"2":{"name":"(anonymous_2)","decl":{"start":{"line":13,"column":24},"end":{"line":13,"column":25}},"loc":{"start":{"line":13,"column":43},"end":{"line":20,"column":1}},"line":13},"3":{"name":"(anonymous_3)","decl":{"start":{"line":22,"column":21},"end":{"line":22,"column":22}},"loc":{"start":{"line":22,"column":45},"end":{"line":26,"column":1}},"line":22},"4":{"name":"(anonymous_4)","decl":{"start":{"line":28,"column":21},"end":{"line":28,"column":22}},"loc":{"start":{"line":28,"column":41},"end":{"line":30,"column":1}},"line":28},"5":{"name":"(anonymous_5)","decl":{"start":{"line":32,"column":21},"end":{"line":32,"column":22}},"loc":{"start":{"line":32,"column":45},"end":{"line":34,"column":1}},"line":32},"6":{"name":"checkProfessorMateriaFalse","decl":{"start":{"line":36,"column":9},"end":{"line":36,"column":35}},"loc":{"start":{"line":36,"column":56},"end":{"line":44,"column":1}},"line":36},"7":{"name":"checkProfessorDataFalse","decl":{"start":{"line":46,"column":9},"end":{"line":46,"column":32}},"loc":{"start":{"line":46,"column":63},"end":{"line":51,"column":1}},"line":46},"8":{"name":"checkProfessorMateriaTrue","decl":{"start":{"line":53,"column":9},"end":{"line":53,"column":34}},"loc":{"start":{"line":53,"column":55},"end":{"line":58,"column":1}},"line":53},"9":{"name":"checkProfessorDataTrue","decl":{"start":{"line":60,"column":9},"end":{"line":60,"column":31}},"loc":{"start":{"line":60,"column":62},"end":{"line":65,"column":1}},"line":60}},"branchMap":{"0":{"loc":{"start":{"line":14,"column":46},"end":{"line":14,"column":128}},"type":"cond-expr","locations":[{"start":{"line":14,"column":72},"end":{"line":14,"column":74}},{"start":{"line":14,"column":77},"end":{"line":14,"column":128}}],"line":14},"1":{"loc":{"start":{"line":15,"column":16},"end":{"line":15,"column":139}},"type":"cond-expr","locations":[{"start":{"line":15,"column":81},"end":{"line":15,"column":83}},{"start":{"line":15,"column":86},"end":{"line":15,"column":139}}],"line":15},"2":{"loc":{"start":{"line":16,"column":16},"end":{"line":16,"column":140}},"type":"cond-expr","locations":[{"start":{"line":16,"column":80},"end":{"line":16,"column":82}},{"start":{"line":16,"column":85},"end":{"line":16,"column":140}}],"line":16},"3":{"loc":{"start":{"line":17,"column":16},"end":{"line":17,"column":151}},"type":"cond-expr","locations":[{"start":{"line":17,"column":95},"end":{"line":17,"column":97}},{"start":{"line":17,"column":100},"end":{"line":17,"column":151}}],"line":17},"4":{"loc":{"start":{"line":18,"column":16},"end":{"line":18,"column":154}},"type":"cond-expr","locations":[{"start":{"line":18,"column":96},"end":{"line":18,"column":98}},{"start":{"line":18,"column":101},"end":{"line":18,"column":154}}],"line":18},"5":{"loc":{"start":{"line":37,"column":4},"end":{"line":38,"column":19}},"type":"if","locations":[{"start":{"line":37,"column":4},"end":{"line":38,"column":19}},{"start":{},"end":{}}],"line":37},"6":{"loc":{"start":{"line":40,"column":4},"end":{"line":41,"column":19}},"type":"if","locations":[{"start":{"line":40,"column":4},"end":{"line":41,"column":19}},{"start":{},"end":{}}],"line":40},"7":{"loc":{"start":{"line":47,"column":4},"end":{"line":48,"column":20}},"type":"if","locations":[{"start":{"line":47,"column":4},"end":{"line":48,"column":20}},{"start":{},"end":{}}],"line":47},"8":{"loc":{"start":{"line":47,"column":8},"end":{"line":47,"column":66}},"type":"binary-expr","locations":[{"start":{"line":47,"column":9},"end":{"line":47,"column":26}},{"start":{"line":47,"column":30},"end":{"line":47,"column":45}},{"start":{"line":47,"column":50},"end":{"line":47,"column":66}}],"line":47},"9":{"loc":{"start":{"line":54,"column":4},"end":{"line":55,"column":20}},"type":"if","locations":[{"start":{"line":54,"column":4},"end":{"line":55,"column":20}},{"start":{},"end":{}}],"line":54},"10":{"loc":{"start":{"line":54,"column":8},"end":{"line":54,"column":44}},"type":"binary-expr","locations":[{"start":{"line":54,"column":8},"end":{"line":54,"column":25}},{"start":{"line":54,"column":29},"end":{"line":54,"column":44}}],"line":54},"11":{"loc":{"start":{"line":61,"column":4},"end":{"line":62,"column":20}},"type":"if","locations":[{"start":{"line":61,"column":4},"end":{"line":62,"column":20}},{"start":{},"end":{}}],"line":61},"12":{"loc":{"start":{"line":61,"column":8},"end":{"line":61,"column":66}},"type":"binary-expr","locations":[{"start":{"line":61,"column":9},"end":{"line":61,"column":26}},{"start":{"line":61,"column":30},"end":{"line":61,"column":45}},{"start":{"line":61,"column":50},"end":{"line":61,"column":66}}],"line":61}},"s":{"0":1,"1":1,"2":0,"3":0,"4":1,"5":0,"6":0,"7":1,"8":0,"9":0,"10":1,"11":0,"12":0,"13":1,"14":0,"15":1,"16":0,"17":0,"18":0,"19":0,"20":0,"21":0,"22":0,"23":0,"24":0,"25":0,"26":0,"27":0,"28":0,"29":0,"30":0},"f":{"0":0,"1":0,"2":0,"3":0,"4":0,"5":0,"6":0,"7":0,"8":0,"9":0},"b":{"0":[0,0],"1":[0,0],"2":[0,0],"3":[0,0],"4":[0,0],"5":[0,0],"6":[0,0],"7":[0,0],"8":[0,0,0],"9":[0,0],"10":[0,0],"11":[0,0],"12":[0,0,0]},"_coverageSchema":"1a1c01bbd47fc00a2c39e90264f33305004495a9","hash":"e7e676d55ddfe18c72c1b86e7c6555d71598aed5"}
,"/home/luis/Documents/git_rep/PDS_project/backend/repositories/perfil.js": {"path":"/home/luis/Documents/git_rep/PDS_project/backend/repositories/perfil.js","statementMap":{"0":{"start":{"line":1,"column":13},"end":{"line":1,"column":44}},"1":{"start":{"line":3,"column":0},"end":{"line":6,"column":1}},"2":{"start":{"line":4,"column":17},"end":{"line":4,"column":105}},"3":{"start":{"line":5,"column":4},"end":{"line":5,"column":17}},"4":{"start":{"line":8,"column":0},"end":{"line":11,"column":1}},"5":{"start":{"line":9,"column":17},"end":{"line":9,"column":120}},"6":{"start":{"line":10,"column":4},"end":{"line":10,"column":17}},"7":{"start":{"line":13,"column":0},"end":{"line":16,"column":1}},"8":{"start":{"line":14,"column":17},"end":{"line":14,"column":140}},"9":{"start":{"line":15,"column":4},"end":{"line":15,"column":17}},"10":{"start":{"line":18,"column":0},"end":{"line":24,"column":1}},"11":{"start":{"line":19,"column":4},"end":{"line":23,"column":5}},"12":{"start":{"line":20,"column":8},"end":{"line":20,"column":379}},"13":{"start":{"line":22,"column":8},"end":{"line":22,"column":319}},"14":{"start":{"line":26,"column":0},"end":{"line":32,"column":1}},"15":{"start":{"line":27,"column":4},"end":{"line":31,"column":5}},"16":{"start":{"line":28,"column":8},"end":{"line":28,"column":356}},"17":{"start":{"line":30,"column":8},"end":{"line":30,"column":289}},"18":{"start":{"line":34,"column":0},"end":{"line":37,"column":1}},"19":{"start":{"line":35,"column":17},"end":{"line":35,"column":87}},"20":{"start":{"line":36,"column":4},"end":{"line":36,"column":17}},"21":{"start":{"line":39,"column":0},"end":{"line":41,"column":1}},"22":{"start":{"line":40,"column":4},"end":{"line":40,"column":244}},"23":{"start":{"line":44,"column":16},"end":{"line":44,"column":27}},"24":{"start":{"line":45,"column":4},"end":{"line":51,"column":5}},"25":{"start":{"line":45,"column":17},"end":{"line":45,"column":18}},"26":{"start":{"line":46,"column":8},"end":{"line":50,"column":9}},"27":{"start":{"line":47,"column":12},"end":{"line":47,"column":60}},"28":{"start":{"line":49,"column":12},"end":{"line":49,"column":60}},"29":{"start":{"line":53,"column":4},"end":{"line":53,"column":16}},"30":{"start":{"line":57,"column":16},"end":{"line":57,"column":26}},"31":{"start":{"line":58,"column":4},"end":{"line":64,"column":5}},"32":{"start":{"line":58,"column":17},"end":{"line":58,"column":18}},"33":{"start":{"line":59,"column":8},"end":{"line":63,"column":9}},"34":{"start":{"line":60,"column":12},"end":{"line":60,"column":60}},"35":{"start":{"line":62,"column":12},"end":{"line":62,"column":60}},"36":{"start":{"line":66,"column":4},"end":{"line":66,"column":16}}},"fnMap":{"0":{"name":"(anonymous_0)","decl":{"start":{"line":3,"column":16},"end":{"line":3,"column":17}},"loc":{"start":{"line":3,"column":33},"end":{"line":6,"column":1}},"line":3},"1":{"name":"(anonymous_1)","decl":{"start":{"line":8,"column":20},"end":{"line":8,"column":21}},"loc":{"start":{"line":8,"column":34},"end":{"line":11,"column":1}},"line":8},"2":{"name":"(anonymous_2)","decl":{"start":{"line":13,"column":27},"end":{"line":13,"column":28}},"loc":{"start":{"line":13,"column":47},"end":{"line":16,"column":1}},"line":13},"3":{"name":"(anonymous_3)","decl":{"start":{"line":18,"column":23},"end":{"line":18,"column":24}},"loc":{"start":{"line":18,"column":49},"end":{"line":24,"column":1}},"line":18},"4":{"name":"(anonymous_4)","decl":{"start":{"line":26,"column":23},"end":{"line":26,"column":24}},"loc":{"start":{"line":26,"column":49},"end":{"line":32,"column":1}},"line":26},"5":{"name":"(anonymous_5)","decl":{"start":{"line":34,"column":29},"end":{"line":34,"column":30}},"loc":{"start":{"line":34,"column":49},"end":{"line":37,"column":1}},"line":34},"6":{"name":"(anonymous_6)","decl":{"start":{"line":39,"column":26},"end":{"line":39,"column":27}},"loc":{"start":{"line":39,"column":47},"end":{"line":41,"column":1}},"line":39},"7":{"name":"createArrayCurriculo","decl":{"start":{"line":43,"column":9},"end":{"line":43,"column":29}},"loc":{"start":{"line":43,"column":46},"end":{"line":54,"column":1}},"line":43},"8":{"name":"updateArrayCurriculo","decl":{"start":{"line":56,"column":9},"end":{"line":56,"column":29}},"loc":{"start":{"line":56,"column":46},"end":{"line":67,"column":1}},"line":56}},"branchMap":{"0":{"loc":{"start":{"line":19,"column":4},"end":{"line":23,"column":5}},"type":"if","locations":[{"start":{"line":19,"column":4},"end":{"line":23,"column":5}},{"start":{"line":21,"column":11},"end":{"line":23,"column":5}}],"line":19},"1":{"loc":{"start":{"line":27,"column":4},"end":{"line":31,"column":5}},"type":"if","locations":[{"start":{"line":27,"column":4},"end":{"line":31,"column":5}},{"start":{"line":29,"column":10},"end":{"line":31,"column":5}}],"line":27},"2":{"loc":{"start":{"line":46,"column":8},"end":{"line":50,"column":9}},"type":"if","locations":[{"start":{"line":46,"column":8},"end":{"line":50,"column":9}},{"start":{"line":48,"column":15},"end":{"line":50,"column":9}}],"line":46},"3":{"loc":{"start":{"line":59,"column":8},"end":{"line":63,"column":9}},"type":"if","locations":[{"start":{"line":59,"column":8},"end":{"line":63,"column":9}},{"start":{"line":61,"column":15},"end":{"line":63,"column":9}}],"line":59}},"s":{"0":0,"1":0,"2":0,"3":0,"4":0,"5":0,"6":0,"7":0,"8":0,"9":0,"10":0,"11":0,"12":0,"13":0,"14":0,"15":0,"16":0,"17":0,"18":0,"19":0,"20":0,"21":0,"22":0,"23":0,"24":0,"25":0,"26":0,"27":0,"28":0,"29":0,"30":0,"31":0,"32":0,"33":0,"34":0,"35":0,"36":0},"f":{"0":0,"1":0,"2":0,"3":0,"4":0,"5":0,"6":0,"7":0,"8":0},"b":{"0":[0,0],"1":[0,0],"2":[0,0],"3":[0,0]}}
,"/home/luis/Documents/git_rep/PDS_project/backend/services/aula-service.js": {"path":"/home/luis/Documents/git_rep/PDS_project/backend/services/aula-service.js","statementMap":{"0":{"start":{"line":1,"column":17},"end":{"line":1,"column":48}},"1":{"start":{"line":3,"column":0},"end":{"line":5,"column":1}},"2":{"start":{"line":4,"column":4},"end":{"line":4,"column":30}},"3":{"start":{"line":7,"column":0},"end":{"line":9,"column":1}},"4":{"start":{"line":8,"column":4},"end":{"line":8,"column":31}},"5":{"start":{"line":11,"column":0},"end":{"line":13,"column":1}},"6":{"start":{"line":12,"column":4},"end":{"line":12,"column":42}},"7":{"start":{"line":15,"column":0},"end":{"line":17,"column":1}},"8":{"start":{"line":16,"column":4},"end":{"line":16,"column":36}},"9":{"start":{"line":19,"column":0},"end":{"line":21,"column":1}},"10":{"start":{"line":20,"column":4},"end":{"line":20,"column":36}},"11":{"start":{"line":23,"column":0},"end":{"line":25,"column":1}},"12":{"start":{"line":24,"column":4},"end":{"line":24,"column":40}}},"fnMap":{"0":{"name":"(anonymous_0)","decl":{"start":{"line":3,"column":19},"end":{"line":3,"column":20}},"loc":{"start":{"line":3,"column":25},"end":{"line":5,"column":1}},"line":3},"1":{"name":"(anonymous_1)","decl":{"start":{"line":7,"column":18},"end":{"line":7,"column":19}},"loc":{"start":{"line":7,"column":26},"end":{"line":9,"column":1}},"line":7},"2":{"name":"(anonymous_2)","decl":{"start":{"line":11,"column":24},"end":{"line":11,"column":25}},"loc":{"start":{"line":11,"column":37},"end":{"line":13,"column":1}},"line":11},"3":{"name":"(anonymous_3)","decl":{"start":{"line":15,"column":21},"end":{"line":15,"column":22}},"loc":{"start":{"line":15,"column":31},"end":{"line":17,"column":1}},"line":15},"4":{"name":"(anonymous_4)","decl":{"start":{"line":19,"column":21},"end":{"line":19,"column":22}},"loc":{"start":{"line":19,"column":31},"end":{"line":21,"column":1}},"line":19},"5":{"name":"(anonymous_5)","decl":{"start":{"line":23,"column":21},"end":{"line":23,"column":22}},"loc":{"start":{"line":23,"column":35},"end":{"line":25,"column":1}},"line":23}},"branchMap":{},"s":{"0":1,"1":1,"2":1,"3":1,"4":1,"5":1,"6":1,"7":1,"8":1,"9":1,"10":1,"11":1,"12":1},"f":{"0":1,"1":1,"2":1,"3":1,"4":1,"5":1},"b":{},"_coverageSchema":"1a1c01bbd47fc00a2c39e90264f33305004495a9","hash":"e5c4c7c8481063a958904ece852a3c1fdfba4720"}
,"/home/luis/Documents/git_rep/PDS_project/backend/services/autenticacao-service.js": {"path":"/home/luis/Documents/git_rep/PDS_project/backend/services/autenticacao-service.js","statementMap":{"0":{"start":{"line":1,"column":17},"end":{"line":1,"column":40}},"1":{"start":{"line":3,"column":0},"end":{"line":13,"column":1}},"2":{"start":{"line":4,"column":4},"end":{"line":11,"column":5}},"3":{"start":{"line":5,"column":24},"end":{"line":5,"column":81}},"4":{"start":{"line":6,"column":8},"end":{"line":6,"column":30}},"5":{"start":{"line":8,"column":8},"end":{"line":10,"column":10}},"6":{"start":{"line":12,"column":4},"end":{"line":12,"column":10}}},"fnMap":{"0":{"name":"(anonymous_0)","decl":{"start":{"line":3,"column":21},"end":{"line":3,"column":22}},"loc":{"start":{"line":3,"column":41},"end":{"line":13,"column":1}},"line":3}},"branchMap":{},"s":{"0":0,"1":0,"2":0,"3":0,"4":0,"5":0,"6":0},"f":{"0":0},"b":{}}
,"/home/luis/Documents/git_rep/PDS_project/backend/services/perfil-service.js": {"path":"/home/luis/Documents/git_rep/PDS_project/backend/services/perfil-service.js","statementMap":{"0":{"start":{"line":1,"column":19},"end":{"line":1,"column":52}},"1":{"start":{"line":2,"column":15},"end":{"line":2,"column":32}},"2":{"start":{"line":3,"column":17},"end":{"line":3,"column":40}},"3":{"start":{"line":5,"column":0},"end":{"line":7,"column":1}},"4":{"start":{"line":6,"column":4},"end":{"line":6,"column":34}},"5":{"start":{"line":9,"column":0},"end":{"line":11,"column":1}},"6":{"start":{"line":10,"column":4},"end":{"line":10,"column":35}},"7":{"start":{"line":13,"column":0},"end":{"line":15,"column":1}},"8":{"start":{"line":14,"column":4},"end":{"line":14,"column":42}},"9":{"start":{"line":17,"column":0},"end":{"line":19,"column":1}},"10":{"start":{"line":18,"column":4},"end":{"line":18,"column":50}},"11":{"start":{"line":21,"column":0},"end":{"line":23,"column":1}},"12":{"start":{"line":22,"column":4},"end":{"line":22,"column":50}},"13":{"start":{"line":25,"column":0},"end":{"line":27,"column":1}},"14":{"start":{"line":26,"column":4},"end":{"line":26,"column":50}},"15":{"start":{"line":29,"column":0},"end":{"line":31,"column":1}},"16":{"start":{"line":30,"column":4},"end":{"line":30,"column":48}},"17":{"start":{"line":33,"column":0},"end":{"line":57,"column":1}},"18":{"start":{"line":34,"column":4},"end":{"line":56,"column":6}},"19":{"start":{"line":35,"column":8},"end":{"line":39,"column":9}},"20":{"start":{"line":36,"column":12},"end":{"line":38,"column":14}},"21":{"start":{"line":41,"column":8},"end":{"line":52,"column":9}},"22":{"start":{"line":42,"column":26},"end":{"line":47,"column":14}},"23":{"start":{"line":48,"column":12},"end":{"line":51,"column":14}},"24":{"start":{"line":53,"column":8},"end":{"line":55,"column":10}},"25":{"start":{"line":59,"column":0},"end":{"line":74,"column":1}},"26":{"start":{"line":60,"column":26},"end":{"line":60,"column":27}},"27":{"start":{"line":61,"column":31},"end":{"line":61,"column":32}},"28":{"start":{"line":62,"column":31},"end":{"line":62,"column":32}},"29":{"start":{"line":63,"column":4},"end":{"line":67,"column":7}},"30":{"start":{"line":64,"column":8},"end":{"line":64,"column":49}},"31":{"start":{"line":65,"column":8},"end":{"line":65,"column":57}},"32":{"start":{"line":66,"column":8},"end":{"line":66,"column":57}},"33":{"start":{"line":69,"column":4},"end":{"line":73,"column":5}}},"fnMap":{"0":{"name":"(anonymous_0)","decl":{"start":{"line":5,"column":16},"end":{"line":5,"column":17}},"loc":{"start":{"line":5,"column":27},"end":{"line":7,"column":1}},"line":5},"1":{"name":"(anonymous_1)","decl":{"start":{"line":9,"column":20},"end":{"line":9,"column":21}},"loc":{"start":{"line":9,"column":28},"end":{"line":11,"column":1}},"line":9},"2":{"name":"(anonymous_2)","decl":{"start":{"line":13,"column":27},"end":{"line":13,"column":28}},"loc":{"start":{"line":13,"column":35},"end":{"line":15,"column":1}},"line":13},"3":{"name":"(anonymous_3)","decl":{"start":{"line":17,"column":23},"end":{"line":17,"column":24}},"loc":{"start":{"line":17,"column":43},"end":{"line":19,"column":1}},"line":17},"4":{"name":"(anonymous_4)","decl":{"start":{"line":21,"column":23},"end":{"line":21,"column":24}},"loc":{"start":{"line":21,"column":43},"end":{"line":23,"column":1}},"line":21},"5":{"name":"(anonymous_5)","decl":{"start":{"line":25,"column":29},"end":{"line":25,"column":30}},"loc":{"start":{"line":25,"column":43},"end":{"line":27,"column":1}},"line":25},"6":{"name":"(anonymous_6)","decl":{"start":{"line":29,"column":26},"end":{"line":29,"column":27}},"loc":{"start":{"line":29,"column":41},"end":{"line":31,"column":1}},"line":29},"7":{"name":"(anonymous_7)","decl":{"start":{"line":33,"column":19},"end":{"line":33,"column":20}},"loc":{"start":{"line":33,"column":39},"end":{"line":57,"column":1}},"line":33},"8":{"name":"(anonymous_8)","decl":{"start":{"line":34,"column":34},"end":{"line":34,"column":35}},"loc":{"start":{"line":34,"column":51},"end":{"line":56,"column":5}},"line":34},"9":{"name":"(anonymous_9)","decl":{"start":{"line":59,"column":29},"end":{"line":59,"column":30}},"loc":{"start":{"line":59,"column":57},"end":{"line":74,"column":1}},"line":59},"10":{"name":"(anonymous_10)","decl":{"start":{"line":63,"column":23},"end":{"line":63,"column":24}},"loc":{"start":{"line":63,"column":34},"end":{"line":67,"column":5}},"line":63}},"branchMap":{"0":{"loc":{"start":{"line":35,"column":8},"end":{"line":39,"column":9}},"type":"if","locations":[{"start":{"line":35,"column":8},"end":{"line":39,"column":9}},{"start":{},"end":{}}],"line":35},"1":{"loc":{"start":{"line":41,"column":8},"end":{"line":52,"column":9}},"type":"if","locations":[{"start":{"line":41,"column":8},"end":{"line":52,"column":9}},{"start":{},"end":{}}],"line":41},"2":{"loc":{"start":{"line":70,"column":21},"end":{"line":70,"column":71}},"type":"cond-expr","locations":[{"start":{"line":70,"column":39},"end":{"line":70,"column":67}},{"start":{"line":70,"column":70},"end":{"line":70,"column":71}}],"line":70},"3":{"loc":{"start":{"line":71,"column":26},"end":{"line":71,"column":81}},"type":"cond-expr","locations":[{"start":{"line":71,"column":44},"end":{"line":71,"column":77}},{"start":{"line":71,"column":80},"end":{"line":71,"column":81}}],"line":71},"4":{"loc":{"start":{"line":72,"column":26},"end":{"line":72,"column":81}},"type":"cond-expr","locations":[{"start":{"line":72,"column":44},"end":{"line":72,"column":77}},{"start":{"line":72,"column":80},"end":{"line":72,"column":81}}],"line":72}},"s":{"0":0,"1":0,"2":0,"3":0,"4":0,"5":0,"6":0,"7":0,"8":0,"9":0,"10":0,"11":0,"12":0,"13":0,"14":0,"15":0,"16":0,"17":0,"18":0,"19":0,"20":0,"21":0,"22":0,"23":0,"24":0,"25":0,"26":0,"27":0,"28":0,"29":0,"30":0,"31":0,"32":0,"33":0},"f":{"0":0,"1":0,"2":0,"3":0,"4":0,"5":0,"6":0,"7":0,"8":0,"9":0,"10":0},"b":{"0":[0,0],"1":[0,0],"2":[0,0],"3":[0,0],"4":[0,0]}}
}
