TN:
SF:adaptadores\aula-adapter.js
FN:3,(anonymous_0)
FN:7,(anonymous_1)
FN:11,(anonymous_2)
FN:15,(anonymous_3)
FN:19,(anonymous_4)
FN:23,(anonymous_5)
FNF:6
FNH:6
FNDA:1,(anonymous_0)
FNDA:1,(anonymous_1)
FNDA:1,(anonymous_2)
FNDA:1,(anonymous_3)
FNDA:1,(anonymous_4)
FNDA:1,(anonymous_5)
DA:1,1
DA:3,1
DA:4,1
DA:7,1
DA:8,1
DA:11,1
DA:12,1
DA:15,1
DA:16,1
DA:19,1
DA:20,1
DA:23,1
DA:24,1
LF:13
LH:13
BRF:0
BRH:0
end_of_record
TN:
SF:adaptadores\autenticacao-adapter.js
FN:3,(anonymous_0)
FNF:1
FNH:0
FNDA:0,(anonymous_0)
DA:1,0
DA:3,0
DA:4,0
LF:3
LH:0
BRF:0
BRH:0
end_of_record
TN:
SF:adaptadores\perfil-adapter.js
FN:3,(anonymous_0)
FN:7,(anonymous_1)
FN:11,(anonymous_2)
FN:15,(anonymous_3)
FN:19,(anonymous_4)
FN:23,(anonymous_5)
FN:27,(anonymous_6)
FN:31,(anonymous_7)
FN:35,(anonymous_8)
FNF:9
FNH:8
FNDA:1,(anonymous_0)
FNDA:0,(anonymous_1)
FNDA:1,(anonymous_2)
FNDA:1,(anonymous_3)
FNDA:1,(anonymous_4)
FNDA:1,(anonymous_5)
FNDA:1,(anonymous_6)
FNDA:1,(anonymous_7)
FNDA:1,(anonymous_8)
DA:1,1
DA:3,1
DA:4,1
DA:7,1
DA:8,0
DA:11,1
DA:12,1
DA:15,1
DA:16,1
DA:19,1
DA:20,1
DA:23,1
DA:24,1
DA:27,1
DA:28,1
DA:31,1
DA:32,1
DA:35,1
DA:36,1
LF:19
LH:18
BRF:0
BRH:0
end_of_record
TN:
SF:repositories\aula.js
FN:3,(anonymous_0)
FN:8,(anonymous_1)
FN:13,(anonymous_2)
FN:22,(anonymous_3)
FN:28,(anonymous_4)
FN:32,(anonymous_5)
FN:36,checkProfessorMateriaFalse
FN:46,checkProfessorDataFalse
FN:53,checkProfessorMateriaTrue
FN:60,checkProfessorDataTrue
FNF:10
FNH:10
FNDA:1,(anonymous_0)
FNDA:1,(anonymous_1)
FNDA:6,(anonymous_2)
FNDA:1,(anonymous_3)
FNDA:1,(anonymous_4)
FNDA:1,(anonymous_5)
FNDA:6,checkProfessorMateriaFalse
FNDA:6,checkProfessorDataFalse
FNDA:6,checkProfessorMateriaTrue
FNDA:6,checkProfessorDataTrue
DA:1,3
DA:3,3
DA:4,1
DA:5,1
DA:8,3
DA:9,1
DA:10,1
DA:13,3
DA:14,6
DA:19,6
DA:22,3
DA:23,1
DA:25,1
DA:28,3
DA:29,1
DA:32,3
DA:33,1
DA:37,6
DA:38,3
DA:40,3
DA:41,2
DA:43,1
DA:47,6
DA:48,1
DA:50,5
DA:54,6
DA:55,2
DA:57,4
DA:61,6
DA:62,2
DA:64,4
LF:31
LH:31
BRDA:14,0,0,3
BRDA:14,0,1,3
BRDA:15,1,0,5
BRDA:15,1,1,1
BRDA:16,2,0,4
BRDA:16,2,1,2
BRDA:17,3,0,4
BRDA:17,3,1,2
BRDA:18,4,0,5
BRDA:18,4,1,1
BRDA:37,5,0,3
BRDA:37,5,1,3
BRDA:40,6,0,2
BRDA:40,6,1,1
BRDA:47,7,0,1
BRDA:47,7,1,5
BRDA:47,8,0,6
BRDA:47,8,1,3
BRDA:47,8,2,1
BRDA:54,9,0,2
BRDA:54,9,1,4
BRDA:54,10,0,6
BRDA:54,10,1,3
BRDA:61,11,0,2
BRDA:61,11,1,4
BRDA:61,12,0,6
BRDA:61,12,1,3
BRDA:61,12,2,5
BRF:28
BRH:28
end_of_record
TN:
SF:repositories\perfil.js
FN:3,(anonymous_0)
FN:8,(anonymous_1)
FN:13,(anonymous_2)
FN:18,(anonymous_3)
FN:26,(anonymous_4)
FN:34,(anonymous_5)
FN:39,(anonymous_6)
FN:43,createArrayCurriculo
FN:56,updateArrayCurriculo
FNF:9
FNH:0
FNDA:0,(anonymous_0)
FNDA:0,(anonymous_1)
FNDA:0,(anonymous_2)
FNDA:0,(anonymous_3)
FNDA:0,(anonymous_4)
FNDA:0,(anonymous_5)
FNDA:0,(anonymous_6)
FNDA:0,createArrayCurriculo
FNDA:0,updateArrayCurriculo
DA:1,2
DA:3,2
DA:4,0
DA:5,0
DA:8,2
DA:9,0
DA:10,0
DA:13,2
DA:14,0
DA:15,0
DA:18,2
DA:19,0
DA:20,0
DA:22,0
DA:26,2
DA:27,0
DA:28,0
DA:30,0
DA:34,2
DA:35,0
DA:36,0
DA:39,2
DA:40,0
DA:44,0
DA:45,0
DA:46,0
DA:47,0
DA:49,0
DA:53,0
DA:57,0
DA:58,0
DA:59,0
DA:60,0
DA:62,0
DA:66,0
LF:35
LH:8
BRDA:19,0,0,0
BRDA:19,0,1,0
BRDA:27,1,0,0
BRDA:27,1,1,0
BRDA:46,2,0,0
BRDA:46,2,1,0
BRDA:59,3,0,0
BRDA:59,3,1,0
BRF:8
BRH:0
end_of_record
TN:
SF:services\aula-service.js
FN:3,(anonymous_0)
FN:7,(anonymous_1)
FN:11,(anonymous_2)
FN:15,(anonymous_3)
FN:19,(anonymous_4)
FN:23,(anonymous_5)
FNF:6
FNH:6
FNDA:1,(anonymous_0)
FNDA:1,(anonymous_1)
FNDA:1,(anonymous_2)
FNDA:1,(anonymous_3)
FNDA:1,(anonymous_4)
FNDA:1,(anonymous_5)
DA:1,2
DA:3,2
DA:4,1
DA:7,2
DA:8,1
DA:11,2
DA:12,1
DA:15,2
DA:16,1
DA:19,2
DA:20,1
DA:23,2
DA:24,1
LF:13
LH:13
BRF:0
BRH:0
end_of_record
TN:
SF:services\autenticacao-service.js
FN:3,(anonymous_0)
FNF:1
FNH:0
FNDA:0,(anonymous_0)
DA:1,0
DA:3,0
DA:4,0
DA:5,0
DA:6,0
DA:8,0
DA:12,0
LF:7
LH:0
BRF:0
BRH:0
end_of_record
TN:
SF:services\perfil-service.js
FN:5,(anonymous_0)
FN:9,(anonymous_1)
FN:13,(anonymous_2)
FN:17,(anonymous_3)
FN:21,(anonymous_4)
FN:25,(anonymous_5)
FN:29,(anonymous_6)
FN:33,(anonymous_7)
FN:34,(anonymous_8)
FN:59,(anonymous_9)
FN:63,(anonymous_10)
FNF:11
FNH:9
FNDA:1,(anonymous_0)
FNDA:1,(anonymous_1)
FNDA:1,(anonymous_2)
FNDA:1,(anonymous_3)
FNDA:1,(anonymous_4)
FNDA:1,(anonymous_5)
FNDA:1,(anonymous_6)
FNDA:0,(anonymous_7)
FNDA:0,(anonymous_8)
FNDA:2,(anonymous_9)
FNDA:6,(anonymous_10)
DA:1,2
DA:2,2
DA:3,2
DA:5,2
DA:6,1
DA:9,2
DA:10,1
DA:13,2
DA:14,1
DA:17,2
DA:18,1
DA:21,2
DA:22,1
DA:25,2
DA:26,1
DA:29,2
DA:30,1
DA:33,2
DA:34,0
DA:35,0
DA:36,0
DA:41,0
DA:42,0
DA:48,0
DA:53,0
DA:59,2
DA:60,2
DA:61,2
DA:62,2
DA:63,2
DA:64,6
DA:65,6
DA:66,6
DA:69,2
LF:34
LH:27
BRDA:35,0,0,0
BRDA:35,0,1,0
BRDA:41,1,0,0
BRDA:41,1,1,0
BRDA:70,2,0,2
BRDA:70,2,1,0
BRDA:71,3,0,2
BRDA:71,3,1,0
BRDA:72,4,0,2
BRDA:72,4,1,0
BRF:10
BRH:3
end_of_record
